<?xml version="1.0" encoding="UTF-8"?>
<coverage generated="1528566401619" clover="3.2.0">
  <project timestamp="1528566401619" name="All files">
    <metrics statements="45" coveredstatements="3" conditionals="8" coveredconditionals="0" methods="13" coveredmethods="3" elements="66" coveredelements="6" complexity="0" loc="45" ncloc="45" packages="2" files="3" classes="3">
      <package name="components">
        <metrics statements="23" coveredstatements="3" conditionals="4" coveredconditionals="0" methods="7" coveredmethods="3"/>
        <file name="HelloWorld.vue" path="/home/siva/github/fresh-fullpack-project/todoapp/src/components/HelloWorld.vue">
          <metrics statements="1" coveredstatements="1" conditionals="0" coveredconditionals="0" methods="1" coveredmethods="1"/>
          <line num="90" count="1" type="stmt"/>
        </file>
        <file name="Todo.vue" path="/home/siva/github/fresh-fullpack-project/todoapp/src/components/Todo.vue">
          <metrics statements="22" coveredstatements="2" conditionals="4" coveredconditionals="0" methods="6" coveredmethods="2"/>
          <line num="3" count="1" type="stmt"/>
          <line num="32" count="0" type="stmt"/>
          <line num="33" count="0" type="stmt"/>
          <line num="37" count="0" type="stmt"/>
          <line num="38" count="0" type="stmt"/>
          <line num="41" count="0" type="stmt"/>
          <line num="43" count="0" type="stmt"/>
          <line num="46" count="0" type="stmt"/>
          <line num="47" count="0" type="stmt"/>
          <line num="48" count="0" type="stmt"/>
          <line num="49" count="0" type="stmt"/>
          <line num="52" count="0" type="stmt"/>
          <line num="53" count="0" type="cond" truecount="0" falsecount="2"/>
          <line num="54" count="0" type="stmt"/>
          <line num="55" count="0" type="stmt"/>
          <line num="57" count="0" type="stmt"/>
          <line num="58" count="0" type="stmt"/>
          <line num="59" count="0" type="stmt"/>
          <line num="60" count="0" type="cond" truecount="0" falsecount="2"/>
          <line num="61" count="0" type="stmt"/>
          <line num="63" count="0" type="stmt"/>
          <line num="68" count="1" type="stmt"/>
        </file>
      </package>
      <package name="scripts">
        <metrics statements="22" coveredstatements="0" conditionals="4" coveredconditionals="0" methods="6" coveredmethods="0"/>
        <file name="todo.js" path="/home/siva/github/fresh-fullpack-project/todoapp/src/scripts/todo.js">
          <metrics statements="22" coveredstatements="0" conditionals="4" coveredconditionals="0" methods="6" coveredmethods="0"/>
          <line num="3" count="0" type="stmt"/>
          <line num="32" count="0" type="stmt"/>
          <line num="33" count="0" type="stmt"/>
          <line num="37" count="0" type="stmt"/>
          <line num="38" count="0" type="stmt"/>
          <line num="41" count="0" type="stmt"/>
          <line num="43" count="0" type="stmt"/>
          <line num="46" count="0" type="stmt"/>
          <line num="47" count="0" type="stmt"/>
          <line num="48" count="0" type="stmt"/>
          <line num="49" count="0" type="stmt"/>
          <line num="52" count="0" type="stmt"/>
          <line num="53" count="0" type="cond" truecount="0" falsecount="2"/>
          <line num="54" count="0" type="stmt"/>
          <line num="55" count="0" type="stmt"/>
          <line num="57" count="0" type="stmt"/>
          <line num="58" count="0" type="stmt"/>
          <line num="59" count="0" type="stmt"/>
          <line num="60" count="0" type="cond" truecount="0" falsecount="2"/>
          <line num="61" count="0" type="stmt"/>
          <line num="63" count="0" type="stmt"/>
          <line num="68" count="0" type="stmt"/>
        </file>
      </package>
    </metrics>
  </project>
</coverage>
