{"/home/siva/github/fresh-fullpack-project/todoapp/src/components/HelloWorld.vue": {"path":"/home/siva/github/fresh-fullpack-project/todoapp/src/components/HelloWorld.vue","statementMap":{"0":{"start":{"line":90,"column":0},"end":{"line":null,"column":-1}}},"fnMap":{"0":{"name":"data","decl":{"start":{"line":89,"column":0},"end":{"line":null,"column":-1}},"loc":{"start":{"line":89,"column":0},"end":{"line":93,"column":0}}}},"branchMap":{},"s":{"0":1},"f":{"0":1},"b":{}}
,"/home/siva/github/fresh-fullpack-project/todoapp/src/components/Todo.vue": {"path":"/home/siva/github/fresh-fullpack-project/todoapp/src/components/Todo.vue","statementMap":{"0":{"start":{"line":3,"column":0},"end":{"line":null,"column":-1}},"1":{"start":{"line":32,"column":0},"end":{"line":null,"column":-1}},"2":{"start":{"line":33,"column":0},"end":{"line":null,"column":-1}},"3":{"start":{"line":37,"column":0},"end":{"line":null,"column":-1}},"4":{"start":{"line":38,"column":0},"end":{"line":null,"column":-1}},"5":{"start":{"line":41,"column":0},"end":{"line":null,"column":-1}},"6":{"start":{"line":43,"column":0},"end":{"line":null,"column":-1}},"7":{"start":{"line":46,"column":0},"end":{"line":null,"column":-1}},"8":{"start":{"line":47,"column":0},"end":{"line":null,"column":-1}},"9":{"start":{"line":48,"column":0},"end":{"line":null,"column":-1}},"10":{"start":{"line":49,"column":0},"end":{"line":null,"column":-1}},"11":{"start":{"line":52,"column":0},"end":{"line":null,"column":-1}},"12":{"start":{"line":53,"column":0},"end":{"line":56,"column":0}},"13":{"start":{"line":54,"column":0},"end":{"line":null,"column":-1}},"14":{"start":{"line":55,"column":0},"end":{"line":null,"column":-1}},"15":{"start":{"line":57,"column":0},"end":{"line":null,"column":-1}},"16":{"start":{"line":58,"column":0},"end":{"line":null,"column":-1}},"17":{"start":{"line":59,"column":0},"end":{"line":null,"column":-1}},"18":{"start":{"line":60,"column":0},"end":{"line":62,"column":0}},"19":{"start":{"line":61,"column":0},"end":{"line":null,"column":-1}},"20":{"start":{"line":63,"column":0},"end":{"line":null,"column":-1}},"21":{"start":{"line":68,"column":0},"end":{"line":null,"column":-1}}},"fnMap":{"0":{"name":"data","decl":{"start":{"line":2,"column":0},"end":{"line":null,"column":-1}},"loc":{"start":{"line":2,"column":0},"end":{"line":29,"column":0}}},"1":{"name":"add","decl":{"start":{"line":31,"column":0},"end":{"line":null,"column":-1}},"loc":{"start":{"line":31,"column":0},"end":{"line":39,"column":0}}},"2":{"name":"remove","decl":{"start":{"line":40,"column":0},"end":{"line":null,"column":-1}},"loc":{"start":{"line":40,"column":0},"end":{"line":44,"column":0}}},"3":{"name":"edit","decl":{"start":{"line":45,"column":0},"end":{"line":null,"column":-1}},"loc":{"start":{"line":45,"column":0},"end":{"line":50,"column":0}}},"4":{"name":"save","decl":{"start":{"line":51,"column":0},"end":{"line":null,"column":-1}},"loc":{"start":{"line":51,"column":0},"end":{"line":64,"column":0}}},"5":{"name":"validity","decl":{"start":{"line":67,"column":0},"end":{"line":null,"column":-1}},"loc":{"start":{"line":67,"column":0},"end":{"line":69,"column":0}}}},"branchMap":{"0":{"loc":{"start":{"line":53,"column":0},"end":{"line":56,"column":0}},"type":"if","locations":[{"start":{"line":53,"column":0},"end":{"line":56,"column":0}},{"start":{"line":53,"column":0},"end":{"line":56,"column":0}}]},"1":{"loc":{"start":{"line":60,"column":0},"end":{"line":62,"column":0}},"type":"if","locations":[{"start":{"line":60,"column":0},"end":{"line":62,"column":0}},{"start":{"line":60,"column":0},"end":{"line":62,"column":0}}]}},"s":{"0":1,"1":0,"2":0,"3":0,"4":0,"5":0,"6":0,"7":0,"8":0,"9":0,"10":0,"11":0,"12":0,"13":0,"14":0,"15":0,"16":0,"17":0,"18":0,"19":0,"20":0,"21":1},"f":{"0":1,"1":0,"2":0,"3":0,"4":0,"5":1},"b":{"0":[0,0],"1":[0,0]}}
,"/home/siva/github/fresh-fullpack-project/todoapp/src/scripts/todo.js": {"path":"/home/siva/github/fresh-fullpack-project/todoapp/src/scripts/todo.js","statementMap":{"0":{"start":{"line":3,"column":4},"end":{"line":null,"column":-1}},"1":{"start":{"line":32,"column":6},"end":{"line":null,"column":-1}},"2":{"start":{"line":33,"column":6},"end":{"line":null,"column":-1}},"3":{"start":{"line":37,"column":6},"end":{"line":null,"column":-1}},"4":{"start":{"line":38,"column":6},"end":{"line":null,"column":-1}},"5":{"start":{"line":41,"column":6},"end":{"line":null,"column":-1}},"6":{"start":{"line":43,"column":6},"end":{"line":null,"column":-1}},"7":{"start":{"line":46,"column":6},"end":{"line":null,"column":-1}},"8":{"start":{"line":47,"column":6},"end":{"line":null,"column":-1}},"9":{"start":{"line":48,"column":6},"end":{"line":null,"column":-1}},"10":{"start":{"line":49,"column":6},"end":{"line":null,"column":-1}},"11":{"start":{"line":52,"column":6},"end":{"line":null,"column":-1}},"12":{"start":{"line":53,"column":6},"end":{"line":56,"column":7}},"13":{"start":{"line":54,"column":8},"end":{"line":null,"column":-1}},"14":{"start":{"line":55,"column":8},"end":{"line":null,"column":-1}},"15":{"start":{"line":57,"column":6},"end":{"line":null,"column":-1}},"16":{"start":{"line":58,"column":6},"end":{"line":null,"column":-1}},"17":{"start":{"line":59,"column":6},"end":{"line":null,"column":-1}},"18":{"start":{"line":60,"column":6},"end":{"line":62,"column":7}},"19":{"start":{"line":61,"column":8},"end":{"line":null,"column":-1}},"20":{"start":{"line":63,"column":6},"end":{"line":null,"column":-1}},"21":{"start":{"line":68,"column":6},"end":{"line":null,"column":-1}}},"fnMap":{"0":{"name":"data","decl":{"start":{"line":2,"column":8},"end":{"line":2,"column":19}},"loc":{"start":{"line":2,"column":20},"end":{"line":1,"column":15}}},"1":{"name":"add","decl":{"start":{"line":30,"column":11},"end":{"line":31,"column":8}},"loc":{"start":{"line":31,"column":12},"end":{"line":30,"column":11}}},"2":{"name":"remove","decl":{"start":{"line":30,"column":11},"end":{"line":40,"column":11}},"loc":{"start":{"line":40,"column":25},"end":{"line":30,"column":11}}},"3":{"name":"edit","decl":{"start":{"line":30,"column":11},"end":{"line":45,"column":9}},"loc":{"start":{"line":45,"column":23},"end":{"line":30,"column":11}}},"4":{"name":"save","decl":{"start":{"line":30,"column":11},"end":{"line":51,"column":9}},"loc":{"start":{"line":51,"column":23},"end":{"line":30,"column":11}}},"5":{"name":"validity","decl":{"start":{"line":66,"column":12},"end":{"line":67,"column":15}},"loc":{"start":{"line":67,"column":16},"end":{"line":66,"column":12}}}},"branchMap":{"0":{"loc":{"start":{"line":53,"column":6},"end":{"line":56,"column":7}},"type":"if","locations":[{"start":{"line":53,"column":6},"end":{"line":56,"column":7}},{"start":{"line":53,"column":6},"end":{"line":56,"column":7}}]},"1":{"loc":{"start":{"line":60,"column":6},"end":{"line":62,"column":7}},"type":"if","locations":[{"start":{"line":60,"column":6},"end":{"line":62,"column":7}},{"start":{"line":60,"column":6},"end":{"line":62,"column":7}}]}},"s":{"0":0,"1":0,"2":0,"3":0,"4":0,"5":0,"6":0,"7":0,"8":0,"9":0,"10":0,"11":0,"12":0,"13":0,"14":0,"15":0,"16":0,"17":0,"18":0,"19":0,"20":0,"21":0},"f":{"0":0,"1":0,"2":0,"3":0,"4":0,"5":0},"b":{"0":[0,0],"1":[0,0]}}
}
