TN:
SF:/home/siva/github/fresh-fullpack-project/todoapp/src/components/HelloWorld.vue
FN:89,data
FNF:1
FNH:1
FNDA:1,data
DA:90,1
LF:1
LH:1
BRF:0
BRH:0
end_of_record
TN:
SF:/home/siva/github/fresh-fullpack-project/todoapp/src/components/Todo.vue
FN:2,data
FN:31,add
FN:40,remove
FN:45,edit
FN:51,save
FN:67,validity
FNF:6
FNH:2
FNDA:1,data
FNDA:0,add
FNDA:0,remove
FNDA:0,edit
FNDA:0,save
FNDA:1,validity
DA:3,1
DA:32,0
DA:33,0
DA:37,0
DA:38,0
DA:41,0
DA:43,0
DA:46,0
DA:47,0
DA:48,0
DA:49,0
DA:52,0
DA:53,0
DA:54,0
DA:55,0
DA:57,0
DA:58,0
DA:59,0
DA:60,0
DA:61,0
DA:63,0
DA:68,1
LF:22
LH:2
BRDA:53,0,0,0
BRDA:53,0,1,0
BRDA:60,1,0,0
BRDA:60,1,1,0
BRF:4
BRH:0
end_of_record
TN:
SF:/home/siva/github/fresh-fullpack-project/todoapp/src/scripts/todo.js
FN:2,data
FN:30,add
FN:30,remove
FN:30,edit
FN:30,save
FN:66,validity
FNF:6
FNH:0
FNDA:0,data
FNDA:0,add
FNDA:0,remove
FNDA:0,edit
FNDA:0,save
FNDA:0,validity
DA:3,0
DA:32,0
DA:33,0
DA:37,0
DA:38,0
DA:41,0
DA:43,0
DA:46,0
DA:47,0
DA:48,0
DA:49,0
DA:52,0
DA:53,0
DA:54,0
DA:55,0
DA:57,0
DA:58,0
DA:59,0
DA:60,0
DA:61,0
DA:63,0
DA:68,0
LF:22
LH:0
BRDA:53,0,0,0
BRDA:53,0,1,0
BRDA:60,1,0,0
BRDA:60,1,1,0
BRF:4
BRH:0
end_of_record
